<?xml version="1.0" encoding="UTF-8" ?>
<testsuites>
 <testsuite name="Upload a file in bulk list - tests" timestamp="2020-01-06T21:12:03" hostname="localhost" time="28.149" errors="0" tests="5" skipped="0" disabled="0" failures="1">
  <testcase classname="Upload a file in bulk list - tests" name="upload bulk files" time="9.147" />
  <testcase classname="Upload a file in bulk list - tests" name="text file should allow to upload" time="4.82" />
  <testcase classname="Upload a file in bulk list - tests" name="excel file should allow to upload" time="4.94" />
  <testcase classname="Upload a file in bulk list - tests" name="csv file should allow to upload" time="4.378" />
  <testcase classname="Upload a file in bulk list - tests" name="jpeg file should not allow to upload" time="4.861">
   <failure type="toBe" message="Expected true to be false."><![CDATA[Error: Failed expectation
    at UserContext.<anonymous> (/Users/jagan/Desktop/protractor/ProtractorJasmineTest/e2e/specs/fileUploadTest.js:123:91)
    at /usr/local/lib/node_modules/protractor/node_modules/jasminewd2/index.js:112:25
    at new ManagedPromise (/usr/local/lib/node_modules/protractor/node_modules/selenium-webdriver/lib/promise.js:1077:7)
    at ControlFlow.promise (/usr/local/lib/node_modules/protractor/node_modules/selenium-webdriver/lib/promise.js:2505:12)
    at schedulerExecute (/usr/local/lib/node_modules/protractor/node_modules/jasminewd2/index.js:95:18)
    at TaskQueue.execute_ (/usr/local/lib/node_modules/protractor/node_modules/selenium-webdriver/lib/promise.js:3084:14)
    at TaskQueue.executeNext_ (/usr/local/lib/node_modules/protractor/node_modules/selenium-webdriver/lib/promise.js:3067:27)
    at /usr/local/lib/node_modules/protractor/node_modules/selenium-webdriver/lib/promise.js:2974:25
    at /usr/local/lib/node_modules/protractor/node_modules/selenium-webdriver/lib/promise.js:668:7]]>
   </failure>
  </testcase>
 </testsuite>
 <testsuite name="All fields related to catalogues, labels, brands, tags and categories should disappaer" timestamp="2020-01-06T21:12:31" hostname="localhost" time="4.576" errors="0" tests="1" skipped="0" disabled="0" failures="4">
  <testcase classname="All fields related to catalogues, labels, brands, tags and categories should disappaer" name="certain sections should get disappear for private rewards" time="4.575">
   <failure type="toBe" message="Expected true to be false."><![CDATA[Error: Failed expectation
    at UserContext.<anonymous> (/Users/jagan/Desktop/protractor/ProtractorJasmineTest/e2e/specs/privateRewardTest.js:51:41)
    at /usr/local/lib/node_modules/protractor/node_modules/jasminewd2/index.js:112:25
    at new ManagedPromise (/usr/local/lib/node_modules/protractor/node_modules/selenium-webdriver/lib/promise.js:1077:7)
    at ControlFlow.promise (/usr/local/lib/node_modules/protractor/node_modules/selenium-webdriver/lib/promise.js:2505:12)
    at schedulerExecute (/usr/local/lib/node_modules/protractor/node_modules/jasminewd2/index.js:95:18)
    at TaskQueue.execute_ (/usr/local/lib/node_modules/protractor/node_modules/selenium-webdriver/lib/promise.js:3084:14)
    at TaskQueue.executeNext_ (/usr/local/lib/node_modules/protractor/node_modules/selenium-webdriver/lib/promise.js:3067:27)
    at /usr/local/lib/node_modules/protractor/node_modules/selenium-webdriver/lib/promise.js:2974:25
    at /usr/local/lib/node_modules/protractor/node_modules/selenium-webdriver/lib/promise.js:668:7]]>
   </failure>
   <failure type="toBe" message="Expected true to be false."><![CDATA[Error: Failed expectation
    at UserContext.<anonymous> (/Users/jagan/Desktop/protractor/ProtractorJasmineTest/e2e/specs/privateRewardTest.js:52:39)
    at /usr/local/lib/node_modules/protractor/node_modules/jasminewd2/index.js:112:25
    at new ManagedPromise (/usr/local/lib/node_modules/protractor/node_modules/selenium-webdriver/lib/promise.js:1077:7)
    at ControlFlow.promise (/usr/local/lib/node_modules/protractor/node_modules/selenium-webdriver/lib/promise.js:2505:12)
    at schedulerExecute (/usr/local/lib/node_modules/protractor/node_modules/jasminewd2/index.js:95:18)
    at TaskQueue.execute_ (/usr/local/lib/node_modules/protractor/node_modules/selenium-webdriver/lib/promise.js:3084:14)
    at TaskQueue.executeNext_ (/usr/local/lib/node_modules/protractor/node_modules/selenium-webdriver/lib/promise.js:3067:27)
    at /usr/local/lib/node_modules/protractor/node_modules/selenium-webdriver/lib/promise.js:2974:25
    at /usr/local/lib/node_modules/protractor/node_modules/selenium-webdriver/lib/promise.js:668:7]]>
   </failure>
   <failure type="toBe" message="Expected true to be false."><![CDATA[Error: Failed expectation
    at UserContext.<anonymous> (/Users/jagan/Desktop/protractor/ProtractorJasmineTest/e2e/specs/privateRewardTest.js:53:46)
    at /usr/local/lib/node_modules/protractor/node_modules/jasminewd2/index.js:112:25
    at new ManagedPromise (/usr/local/lib/node_modules/protractor/node_modules/selenium-webdriver/lib/promise.js:1077:7)
    at ControlFlow.promise (/usr/local/lib/node_modules/protractor/node_modules/selenium-webdriver/lib/promise.js:2505:12)
    at schedulerExecute (/usr/local/lib/node_modules/protractor/node_modules/jasminewd2/index.js:95:18)
    at TaskQueue.execute_ (/usr/local/lib/node_modules/protractor/node_modules/selenium-webdriver/lib/promise.js:3084:14)
    at TaskQueue.executeNext_ (/usr/local/lib/node_modules/protractor/node_modules/selenium-webdriver/lib/promise.js:3067:27)
    at /usr/local/lib/node_modules/protractor/node_modules/selenium-webdriver/lib/promise.js:2974:25
    at /usr/local/lib/node_modules/protractor/node_modules/selenium-webdriver/lib/promise.js:668:7]]>
   </failure>
   <failure type="toBe" message="Expected true to be false."><![CDATA[Error: Failed expectation
    at UserContext.<anonymous> (/Users/jagan/Desktop/protractor/ProtractorJasmineTest/e2e/specs/privateRewardTest.js:54:41)
    at /usr/local/lib/node_modules/protractor/node_modules/jasminewd2/index.js:112:25
    at new ManagedPromise (/usr/local/lib/node_modules/protractor/node_modules/selenium-webdriver/lib/promise.js:1077:7)
    at ControlFlow.promise (/usr/local/lib/node_modules/protractor/node_modules/selenium-webdriver/lib/promise.js:2505:12)
    at schedulerExecute (/usr/local/lib/node_modules/protractor/node_modules/jasminewd2/index.js:95:18)
    at TaskQueue.execute_ (/usr/local/lib/node_modules/protractor/node_modules/selenium-webdriver/lib/promise.js:3084:14)
    at TaskQueue.executeNext_ (/usr/local/lib/node_modules/protractor/node_modules/selenium-webdriver/lib/promise.js:3067:27)
    at /usr/local/lib/node_modules/protractor/node_modules/selenium-webdriver/lib/promise.js:2974:25
    at /usr/local/lib/node_modules/protractor/node_modules/selenium-webdriver/lib/promise.js:668:7]]>
   </failure>
  </testcase>
 </testsuite>
 <testsuite name="Creating new reward - tests" timestamp="2020-01-06T21:12:36" hostname="localhost" time="40.707" errors="0" tests="6" skipped="0" disabled="0" failures="1">
  <testcase classname="Creating new reward - tests" name="name is mandatory field while creating new reward" time="3.042" />
  <testcase classname="Creating new reward - tests" name="end date is mandatory field while creating new reward" time="3.546" />
  <testcase classname="Creating new reward - tests" name="successfully created public-reward should be available in rewards list" time="9.279" />
  <testcase classname="Creating new reward - tests" name="disabled keywords section should not be dispayed in payload" time="5.949">
   <failure type="toBe" message="Expected true to be false."><![CDATA[Error: Failed expectation
    at UserContext.<anonymous> (/Users/jagan/Desktop/protractor/ProtractorJasmineTest/e2e/specs/rewardsFeatureTest.js:125:83)
    at /usr/local/lib/node_modules/protractor/node_modules/jasminewd2/index.js:112:25
    at new ManagedPromise (/usr/local/lib/node_modules/protractor/node_modules/selenium-webdriver/lib/promise.js:1077:7)
    at ControlFlow.promise (/usr/local/lib/node_modules/protractor/node_modules/selenium-webdriver/lib/promise.js:2505:12)
    at schedulerExecute (/usr/local/lib/node_modules/protractor/node_modules/jasminewd2/index.js:95:18)
    at TaskQueue.execute_ (/usr/local/lib/node_modules/protractor/node_modules/selenium-webdriver/lib/promise.js:3084:14)
    at TaskQueue.executeNext_ (/usr/local/lib/node_modules/protractor/node_modules/selenium-webdriver/lib/promise.js:3067:27)
    at /usr/local/lib/node_modules/protractor/node_modules/selenium-webdriver/lib/promise.js:2974:25
    at /usr/local/lib/node_modules/protractor/node_modules/selenium-webdriver/lib/promise.js:668:7]]>
   </failure>
  </testcase>
  <testcase classname="Creating new reward - tests" name="successfully created system-reward should be available in rewards list" time="9.64" />
  <testcase classname="Creating new reward - tests" name="successfully created private-reward should be available in rewards list" time="9.249" />
 </testsuite>
 <testsuite name="Testing authorization of user roles and groups" timestamp="2020-01-06T21:13:17" hostname="localhost" time="93.757" errors="0" tests="2" skipped="0" disabled="0" failures="0">
  <testcase classname="Testing authorization of user roles and groups" name="admin has privilege to access all features in dashboard" time="1.813" />
  <testcase classname="Testing authorization of user roles and groups" name="reward admin has rights to access only rewards feature not others" time="91.943" />
 </testsuite>
</testsuites>